2019-03-03 15:41:41,731 - BrowserEngin - INFO - 选择Chrome浏览器
2019-03-03 15:41:41,732 - BrowserEngin - INFO - 测试URL是:http://127.0.0.1/forum.php
2019-03-03 15:41:43,797 - BrowserEngin - INFO - 启动谷歌浏览器
2019-03-03 15:41:45,301 - BrowserEngin - INFO - 打开：http://127.0.0.1/forum.php
2019-03-03 15:41:45,430 - BrowserEngin - INFO - 窗口最大化
2019-03-03 15:41:45,434 - BrowserEngin - INFO - 等待10秒
2019-03-03 15:41:45,917 - BasePage - INFO - da打开站点
2019-03-03 15:41:49,114 - BasePage - INFO - 输入内容admin
2019-03-03 15:41:49,261 - BasePage - INFO - 输入内容root
2019-03-03 15:41:52,410 - BasePage - INFO - 已点击
2019-03-03 15:42:05,816 - BasePage - INFO - 已点击
2019-03-03 15:42:06,180 - BasePage - INFO - 输入内容wwwkgsndswwwww
2019-03-03 15:42:06,607 - BasePage - INFO - 输入内容内容我佛of上峰水ddd泥烦恼是的烦恼是你看看是
2019-03-03 15:42:13,726 - BasePage - INFO - 已点击
2019-03-03 15:42:13,931 - BasePage - INFO - 输入内容拉拉阿拉啦啦啦
2019-03-03 15:42:15,048 - BasePage - INFO - 已点击
2019-03-03 15:42:15,605 - BasePage - INFO - 已点击
2019-03-03 15:42:15,607 - BrowserEngin - INFO - 选择Chrome浏览器
2019-03-03 15:42:15,607 - BrowserEngin - INFO - 测试URL是:http://127.0.0.1/forum.php
2019-03-03 15:42:17,299 - BrowserEngin - INFO - 启动谷歌浏览器
2019-03-03 15:42:18,417 - BrowserEngin - INFO - 打开：http://127.0.0.1/forum.php
2019-03-03 15:42:18,688 - BrowserEngin - INFO - 窗口最大化
2019-03-03 15:42:18,692 - BrowserEngin - INFO - 等待10秒
2019-03-03 15:42:18,994 - BasePage - INFO - da打开站点
2019-03-03 15:42:22,177 - BasePage - INFO - 输入内容admin
2019-03-03 15:42:22,327 - BasePage - INFO - 输入内容root
2019-03-03 15:42:25,539 - BasePage - INFO - 已点击
2019-03-03 15:42:31,182 - BasePage - INFO - 已点击
2019-03-03 15:42:31,427 - BasePage - INFO - 已点击
2019-03-03 15:42:32,220 - BasePage - INFO - 已点击
2019-03-03 15:42:33,423 - BasePage - INFO - 已点击
2019-03-03 15:42:33,693 - BasePage - INFO - 已点击
2019-03-03 15:42:38,892 - BasePage - INFO - 输入内容root
2019-03-03 15:43:08,428 - BasePage - INFO - 已点击
2019-03-03 15:43:13,902 - BasePage - INFO - 已点击
2019-03-03 15:43:14,165 - BasePage - INFO - 已点击
2019-03-03 15:43:14,663 - BasePage - INFO - 已点击
2019-03-03 15:43:18,147 - BasePage - INFO - 已点击
2019-03-03 15:43:20,640 - BasePage - INFO - 输入内容wangwei
2019-03-03 15:43:20,819 - BasePage - INFO - 输入内容weishu0124
2019-03-03 15:43:24,057 - BasePage - INFO - 已点击
2019-03-03 15:43:25,152 - BasePage - INFO - 已点击
2019-03-03 15:43:25,585 - BasePage - INFO - 已点击
2019-03-03 15:43:25,917 - BasePage - INFO - 输入内容1111111111111111111
2019-03-03 15:43:26,257 - BasePage - INFO - 输入内容2222222222222222222222222
2019-03-03 15:43:27,802 - BasePage - INFO - 已点击
2019-03-03 15:43:28,028 - BasePage - INFO - 输入内容我已经回复了啦
2019-03-03 15:43:28,445 - BasePage - INFO - 已点击
2019-03-03 15:43:28,848 - BasePage - INFO - 已点击
2019-03-03 15:43:28,850 - BrowserEngin - INFO - 选择Chrome浏览器
2019-03-03 15:43:28,850 - BrowserEngin - INFO - 测试URL是:http://127.0.0.1/forum.php
2019-03-03 15:43:30,574 - BrowserEngin - INFO - 启动谷歌浏览器
2019-03-03 15:43:31,683 - BrowserEngin - INFO - 打开：http://127.0.0.1/forum.php
2019-03-03 15:43:31,890 - BrowserEngin - INFO - 窗口最大化
2019-03-03 15:43:31,894 - BrowserEngin - INFO - 等待10秒
2019-03-03 15:43:32,111 - BasePage - INFO - da打开站点
2019-03-03 15:43:35,313 - BasePage - INFO - 输入内容wangwei
2019-03-03 15:43:35,506 - BasePage - INFO - 输入内容weishu0124
2019-03-03 15:43:38,690 - BasePage - INFO - 已点击
2019-03-03 15:43:41,948 - BasePage - INFO - 输入内容haotest
2019-03-03 15:43:42,117 - BasePage - INFO - 已点击
2019-03-03 15:43:47,342 - BasePage - INFO - 已点击
2019-03-03 15:43:52,850 - BasePage - INFO - 已点击
2019-03-03 15:43:52,852 - BrowserEngin - INFO - 选择Chrome浏览器
2019-03-03 15:43:52,852 - BrowserEngin - INFO - 测试URL是:http://127.0.0.1/forum.php
2019-03-03 15:43:54,604 - BrowserEngin - INFO - 启动谷歌浏览器
2019-03-03 15:43:55,511 - BrowserEngin - INFO - 打开：http://127.0.0.1/forum.php
2019-03-03 15:43:55,795 - BrowserEngin - INFO - 窗口最大化
2019-03-03 15:43:55,797 - BrowserEngin - INFO - 等待10秒
2019-03-03 15:43:56,037 - BasePage - INFO - da打开站点
2019-03-03 15:43:59,248 - BasePage - INFO - 输入内容wangwei
2019-03-03 15:43:59,446 - BasePage - INFO - 输入内容weishu0124
2019-03-03 15:44:02,600 - BasePage - INFO - 已点击
2019-03-03 15:44:08,178 - BasePage - INFO - 已点击
2019-03-03 15:44:09,312 - BasePage - INFO - 已点击
2019-03-03 15:44:13,044 - BasePage - INFO - 已点击
2019-03-03 15:44:13,371 - BasePage - INFO - 输入内容kkkkkkkkkkkkkkkk
2019-03-03 15:44:13,606 - BasePage - INFO - 输入内容2222222222
2019-03-03 15:44:13,837 - BasePage - INFO - 输入内容3333333333
2019-03-03 15:44:14,056 - BasePage - INFO - 输入内容44444444444
2019-03-03 15:44:14,262 - BasePage - INFO - 已点击
2019-03-03 15:44:29,429 - BasePage - INFO - 已点击
2019-03-03 15:44:30,471 - BasePage - INFO - 已点击
2019-03-03 15:44:30,582 - BasePage - INFO - 以获取
2019-03-03 15:44:30,686 - BasePage - INFO - 以获取
2019-03-03 15:44:30,779 - BasePage - INFO - 以获取
2019-03-03 15:44:30,885 - BasePage - INFO - 以获取
2019-03-03 15:44:30,974 - BasePage - INFO - 以获取
2019-03-03 15:44:31,075 - BasePage - INFO - 以获取
2019-03-03 15:44:31,161 - BasePage - INFO - 以获取
